2025-05-23 04:03:34,628 - INFO - Iniciando pipeline completo...
2025-05-23 04:03:34,638 - INFO - Directorio creado/verificado: ./data/raw
2025-05-23 04:03:34,647 - INFO - Directorio creado/verificado: ./data/processed
2025-05-23 04:03:34,659 - INFO - Directorio creado/verificado: ./data/final
2025-05-23 04:03:34,669 - INFO - Directorio creado/verificado: ./models
2025-05-23 04:03:34,674 - INFO - Directorio creado/verificado: ./logs
2025-05-23 04:03:34,675 - INFO - Iniciando procesamiento de datos...
2025-05-23 04:03:34,675 - INFO - Iniciando procesamiento de datos...
2025-05-23 04:03:34,676 - INFO - Ejecutando script de procesamiento...
2025-05-23 04:03:37,340 - INFO - Salida del procesamiento:

Iniciando procesamiento de datos...
Directorio creado/verificado: ./data/raw
Directorio creado/verificado: ./data/processed
Directorio creado/verificado: ./data/final
Directorio creado/verificado: ./models

Cargando datos de entrenamiento...

Procesando datos de entrenamiento...

Datos de entrenamiento procesados guardados en: data/processed/train_processed.csv

Preprocessor guardado en: models/preprocessor.joblib

Cargando datos de test...

Procesando datos de test...

Datos de test procesados guardados en: data/processed/test_processed.csv

Procesamiento completado exitosamente

2025-05-23 04:03:37,343 - INFO - Datos procesados generados exitosamente en data/processed/train_processed.csv
2025-05-23 04:03:37,343 - INFO - Procesamiento completado exitosamente
2025-05-23 04:03:37,344 - INFO - Iniciando optimización de hiperparámetros...
2025-05-23 04:03:37,344 - INFO - Iniciando optimización de hiperparámetros...
2025-05-23 04:03:37,344 - INFO - Ejecutando optimización de hiperparámetros...
2025-05-23 04:03:37,348 - INFO - Archivo de resultados previo eliminado para nueva optimización
2025-05-23 04:03:37,348 - INFO - Ejecutando nueva optimización de hiperparámetros...
2025-05-23 04:09:10,902 - INFO - Hiperparámetros óptimos encontrados
2025-05-23 04:09:10,903 - INFO - Optimización completada exitosamente
2025-05-23 04:09:10,904 - INFO - Mejores hiperparámetros encontrados: {'n_layers': 4, 'layer_size': 87, 'dropout': 0.3787812066262256, 'learning_rate': 0.0014900394475071195, 'weight_decay': 0.0003317888121957921, 'batch_size': 16, 'focal_weight': 0.8452017492349672, 'dice_weight': 0.33916914861869585, 'focal_gamma': 3.0390521362446785, 'focal_alpha': 0.3124150832616919}
2025-05-23 04:09:10,904 - INFO - Iniciando entrenamiento del modelo final...
2025-05-23 04:09:10,906 - INFO - Iniciando entrenamiento del modelo final...
2025-05-23 04:09:21,470 - INFO - Entrenamiento completado exitosamente
2025-05-23 04:09:21,471 - INFO - Entrenamiento completado exitosamente
2025-05-23 04:09:21,471 - INFO - Iniciando inferencia con el modelo entrenado...
2025-05-23 04:09:21,471 - INFO - Iniciando inferencia...
2025-05-23 04:09:25,272 - INFO - Predicciones generadas exitosamente
2025-05-23 04:09:25,272 - INFO - Inferencia completada exitosamente
2025-05-23 04:09:25,272 - INFO - Iniciando análisis de resultados...
2025-05-23 04:09:25,273 - INFO - Iniciando análisis de resultados...
2025-05-23 04:09:31,896 - INFO - Salida de análisis:

Analizando evolución del entrenamiento...
Análisis de entrenamiento completado

Analizando rendimiento del modelo...
Análisis de rendimiento completado

Analizando predicciones...
Análisis de predicciones completado

Análisis completo finalizado
Resultados guardados en: ./reports

2025-05-23 04:09:31,896 - INFO - Análisis completado exitosamente
2025-05-23 04:09:31,913 - INFO - Metadatos del pipeline guardados en logs/pipeline_metadata.json
2025-05-23 04:09:31,918 - INFO - Pipeline completado exitosamente
